0 info it worked if it ends with ok
1 verbose cli [
1 verbose cli   'C:\\Program Files\\nodejs\\node.exe',
1 verbose cli   'C:\\Users\\aurel\\AppData\\Roaming\\npm\\node_modules\\npm\\bin\\npm-cli.js',
1 verbose cli   'start'
1 verbose cli ]
2 info using npm@3.10.10
3 info using node@v14.17.6
4 verbose run-script [ 'prestart', 'start', 'poststart' ]
5 info lifecycle backend@1.0.0~prestart: backend@1.0.0
6 silly lifecycle backend@1.0.0~prestart: no script for prestart, continuing
7 info lifecycle backend@1.0.0~start: backend@1.0.0
8 verbose lifecycle backend@1.0.0~start: unsafe-perm in lifecycle true
9 verbose lifecycle backend@1.0.0~start: PATH: C:\Users\aurel\AppData\Roaming\npm\node_modules\npm\bin\node-gyp-bin;C:\Users\aurel\Desktop\Openclassrooms\P6_Pekocko\p6\backend\node_modules\.bin;C:\Program Files\Common Files\Oracle\Java\javapath;C:\Windows\system32;C:\Windows;C:\Windows\System32\Wbem;C:\Windows\System32\WindowsPowerShell\v1.0\;C:\Windows\System32\OpenSSH\;C:\Program Files (x86)\NVIDIA Corporation\PhysX\Common;C:\Program Files\NVIDIA Corporation\NVIDIA NvDLISR;C:\Program Files\dotnet\;C:\Program Files\Microsoft SQL Server\130\Tools\Binn\;C:\Program Files\Microsoft SQL Server\Client SDK\ODBC\170\Tools\Binn\;C:\Program Files\Git\cmd;C:\Program Files (x86)\dotnet\;C:\ProgramData\chocolatey\bin;C:\Program Files\nodejs\;C:\Users\aurel\AppData\Local\Microsoft\WindowsApps;C:\Users\aurel\.dotnet\tools;C:\Users\aurel\AppData\Local\GitHubDesktop\bin;C:\Users\aurel\AppData\Local\gitkraken\bin;C:\Users\aurel\AppData\Local\Programs\Microsoft VS Code\bin;C:\Program Files\heroku\bin;C:\Users\aurel\AppData\Roaming\npm
10 verbose lifecycle backend@1.0.0~start: CWD: C:\Users\aurel\Desktop\Openclassrooms\P6_Pekocko\p6\backend
11 silly lifecycle backend@1.0.0~start: Args: [ '/d /s /c', 'node server.js' ]
12 verbose stack Error: kill ENOSYS
12 verbose stack     at process.kill (internal/process/per_thread.js:200:13)
12 verbose stack     at process.listener (C:\Users\aurel\AppData\Roaming\npm\node_modules\npm\node_modules\npmlog\node_modules\gauge\node_modules\signal-exit\index.js:86:15)
12 verbose stack     at process.emit (events.js:412:35)
13 verbose cwd C:\Users\aurel\Desktop\Openclassrooms\P6_Pekocko\p6\backend
14 error Windows_NT 10.0.18363
15 error argv "C:\\Program Files\\nodejs\\node.exe" "C:\\Users\\aurel\\AppData\\Roaming\\npm\\node_modules\\npm\\bin\\npm-cli.js" "start"
16 error node v14.17.6
17 error npm  v3.10.10
18 error code ENOSYS
19 error errno -4054
20 error syscall kill
21 error kill ENOSYS
22 error If you need help, you may report this error at:
22 error     <https://github.com/npm/npm/issues>
23 verbose exit [ -4054, true ]
